<?xml version="1.0" encoding="UTF-8"?>
<testng-results skipped="0" failed="0" ignored="0" total="1" passed="1">
  <reporter-output>
  </reporter-output>
  <suite name="Default suite" duration-ms="25973" started-at="2020-01-16T19:21:28Z" finished-at="2020-01-16T19:21:54Z">
    <groups>
    </groups>
    <test name="Default test" duration-ms="25973" started-at="2020-01-16T19:21:28Z" finished-at="2020-01-16T19:21:54Z">
      <class name="com.prosmart.actionitems.jan16.Target">
        <test-method status="PASS" signature="OpenBrowser()[pri:0, instance:com.prosmart.actionitems.jan16.Target@6767c1fc]" name="OpenBrowser" is-config="true" duration-ms="23551" started-at="2020-01-16T19:21:28Z" finished-at="2020-01-16T19:21:52Z">
          <reporter-output>
          </reporter-output>
        </test-method> <!-- OpenBrowser -->
        <test-method status="PASS" signature="Find()[pri:0, instance:com.prosmart.actionitems.jan16.Target@6767c1fc]" name="Find" duration-ms="2372" started-at="2020-01-16T19:21:52Z" finished-at="2020-01-16T19:21:54Z">
          <reporter-output>
          </reporter-output>
        </test-method> <!-- Find -->
      </class> <!-- com.prosmart.actionitems.jan16.Target -->
    </test> <!-- Default test -->
  </suite> <!-- Default suite -->
</testng-results>
